2023-08-15 21:52:00.044 [main] [INFO ]: URL is opened
 2023-08-15 21:52:03.263 [main] [INFO ]: Username Entered
 2023-08-15 21:52:03.407 [main] [INFO ]: Password Entered
 2023-08-15 21:52:07.241 [main] [INFO ]: Clicked on Submit button
 2023-08-15 21:52:07.258 [main] [INFO ]: Guru99 Bank Manager HomePage
 2023-08-15 21:52:08.288 [main] [INFO ]: TC Passed
 2023-08-15 21:52:19.416 [main] [INFO ]: User name is provided
 2023-08-15 21:52:19.523 [main] [INFO ]: Passsword is provided
 2023-08-15 21:52:24.595 [main] [INFO ]: providing customer details....
 2023-08-15 21:52:42.413 [main] [INFO ]: validation started....
 2023-08-15 21:52:45.465 [main] [INFO ]: test case passed....
 2023-08-15 21:57:11.121 [main] [INFO ]: URL is opened
 2023-08-15 21:57:14.329 [main] [INFO ]: Username Entered
 2023-08-15 21:57:14.433 [main] [INFO ]: Password Entered
 2023-08-15 21:57:18.555 [main] [INFO ]: Clicked on Submit button
 2023-08-15 21:57:18.573 [main] [INFO ]: Guru99 Bank Manager HomePage
 2023-08-15 21:57:19.615 [main] [INFO ]: TC Passed
 2023-08-15 21:57:27.122 [main] [INFO ]: User name is provided
 2023-08-15 21:57:27.208 [main] [INFO ]: Passsword is provided
 2023-08-15 21:57:31.883 [main] [INFO ]: providing customer details....
 2023-08-15 21:57:55.927 [main] [INFO ]: validation started....
 2023-08-15 21:57:58.969 [main] [INFO ]: test case passed....
 2023-08-15 22:00:08.490 [main] [INFO ]: URL is opened
 2023-08-15 22:00:11.712 [main] [INFO ]: Username Entered
 2023-08-15 22:00:11.812 [main] [INFO ]: Password Entered
 2023-08-15 22:00:16.277 [main] [INFO ]: Clicked on Submit button
 2023-08-15 22:00:16.296 [main] [INFO ]: Guru99 Bank Manager HomePage
 2023-08-15 22:00:17.334 [main] [INFO ]: TC Passed
 2023-08-15 22:00:28.215 [main] [INFO ]: User name is provided
 2023-08-15 22:00:28.310 [main] [INFO ]: Passsword is provided
 2023-08-15 22:00:36.100 [main] [INFO ]: providing customer details....
 